#
# There is insufficient memory for the Java Runtime Environment to continue.
# Native memory allocation (malloc) failed to allocate 257056 bytes for Chunk::new
# Possible reasons:
#   The system is out of physical RAM or swap space
#   The process is running with CompressedOops enabled, and the Java Heap may be blocking the growth of the native heap
# Possible solutions:
#   Reduce memory load on the system
#   Increase physical memory or swap space
#   Check if swap backing store is full
#   Decrease Java heap size (-Xmx/-Xms)
#   Decrease number of Java threads
#   Decrease Java thread stack sizes (-Xss)
#   Set larger code cache with -XX:ReservedCodeCacheSize=
#   JVM is running with Unscaled Compressed Oops mode in which the Java heap is
#     placed in the first 4GB address space. The Java Heap base address is the
#     maximum limit for the native heap growth. Please use -XX:HeapBaseMinAddress
#     to set the Java Heap base and to place the Java Heap above 4GB virtual address.
# This output file may be truncated or incomplete.
#
#  Out of Memory Error (arena.cpp:191), pid=36224, tid=18208
#
# JRE version: OpenJDK Runtime Environment Temurin-17.0.9+9 (17.0.9+9) (build 17.0.9+9)
# Java VM: OpenJDK 64-Bit Server VM Temurin-17.0.9+9 (17.0.9+9, mixed mode, tiered, compressed oops, compressed class ptrs, g1 gc, windows-amd64)
# No core dump will be written. Minidumps are not enabled by default on client versions of Windows
#

---------------  S U M M A R Y ------------

Command Line: -ea -Dfile.encoding=UTF-8 -Dstdout.encoding=UTF-8 -Dstderr.encoding=UTF-8 -XX:+ShowCodeDetailsInExceptionMessages org.testng.remote.RemoteTestNG -serport 59333 -protocol json -d E:\Rahul Bhalla CIS\OntrackProjectBDD\OnTrack_BDD\test-output C:\Users\cis\AppData\Local\Temp\testng-eclipse-1928927584\testng-customsuite.xml

Host: Intel(R) Core(TM) i5-4570T CPU @ 2.90GHz, 4 cores, 7G,  Windows 10 , 64 bit Build 19041 (10.0.19041.2546)
Time: Thu Feb  8 22:25:06 2024 India Standard Time elapsed time: 440.284005 seconds (0d 0h 7m 20s)

---------------  T H R E A D  ---------------

Current thread (0x000001d39e039250):  JavaThread "C2 CompilerThread0" daemon [_thread_in_native, id=18208, stack(0x0000007b73f00000,0x0000007b74000000)]


Current CompileTask:
C2: 440284 6478       4       java.util.regex.Matcher::replaceAll (59 bytes)

Stack: [0x0000007b73f00000,0x0000007b74000000]
Native frames: (J=compiled Java code, j=interpreted, Vv=VM code, C=native code)
V  [jvm.dll+0x67cf49]
V  [jvm.dll+0x83478a]
V  [jvm.dll+0x83624e]
V  [jvm.dll+0x8368b3]
V  [jvm.dll+0x247f1f]
V  [jvm.dll+0xac43c]
V  [jvm.dll+0xaca8c]
V  [jvm.dll+0x2af45f]
V  [jvm.dll+0x5853f7]
V  [jvm.dll+0x222f62]
V  [jvm.dll+0x22334f]
V  [jvm.dll+0x21c476]
V  [jvm.dll+0x2198c1]
V  [jvm.dll+0x1a57cd]
V  [jvm.dll+0x2297ae]
V  [jvm.dll+0x22797c]
V  [jvm.dll+0x7e9877]
V  [jvm.dll+0x7e3c3a]
V  [jvm.dll+0x67be35]
C  [ucrtbase.dll+0x21bb2]
C  [KERNEL32.DLL+0x17614]
C  [ntdll.dll+0x526a1]


---------------  P R O C E S S  ---------------

Threads class SMR info:
_java_thread_list=0x000001d39ea69220, length=155, elements={
0x000001d38084e2d0, 0x000001d399f81aa0, 0x000001d399f82ec0, 0x000001d399fae630,
0x000001d39e031fa0, 0x000001d39e032870, 0x000001d39e036640, 0x000001d39e039250,
0x000001d39e039b60, 0x000001d39e056d30, 0x000001d39e1c6b10, 0x000001d39e1dbc80,
0x000001d39e9604c0, 0x000001d39f6f3020, 0x000001d3a07f1ab0, 0x000001d3a07f15a0,
0x000001d3a07f1090, 0x000001d3a060f060, 0x000001d3a06118e0, 0x000001d3a0614670,
0x000001d3a0612810, 0x000001d3a060f570, 0x000001d3a06113d0, 0x000001d3a06104a0,
0x000001d3a0612300, 0x000001d39eaee550, 0x000001d39eae8a30, 0x000001d39eaeef70,
0x000001d39eaec6f0, 0x000001d39eae8f40, 0x000001d39eaef990, 0x000001d39eae9e70,
0x000001d39eaecc00, 0x000001d3a06164d0, 0x000001d3a060ff90, 0x000001d3a0611df0,
0x000001d39f69f160, 0x000001d39f6a0ab0, 0x000001d39f6a05a0, 0x000001d39f6a3330,
0x000001d39f6a3d50, 0x000001d39f6a2910, 0x000001d39f69d810, 0x000001d39f69e740,
0x000001d3a0614160, 0x000001d39f817be0, 0x000001d39f81d700, 0x000001d39f81dc10,
0x000001d39f8171c0, 0x000001d39f816cb0, 0x000001d39f819020, 0x000001d39f819530,
0x000001d39f81a970, 0x000001d3a06169e0, 0x000001d3a0615ab0, 0x000001d3a0613740,
0x000001d3a0612d20, 0x000001d39eae8520, 0x000001d39eae9450, 0x000001d39eae9960,
0x000001d39eaebcd0, 0x000001d39eaedb30, 0x000001d39eaea380, 0x000001d39eaed110,
0x000001d39eaee040, 0x000001d39f6a2e20, 0x000001d39f69ec50, 0x000001d39f69f670,
0x000001d39f6a4770, 0x000001d39ec20610, 0x000001d39ec1e7b0, 0x000001d39ec1b000,
0x000001d39ec1bf30, 0x000001d39ec20b20, 0x000001d39ec21540, 0x000001d39ec1ecc0,
0x000001d39ec21f60, 0x000001d39ec1d370, 0x000001d39f819f50, 0x000001d39f81c2c0,
0x000001d39f81cce0, 0x000001d39f819a40, 0x000001d39f818b10, 0x000001d39f81b390,
0x000001d3a06109b0, 0x000001d3a0615fc0, 0x000001d39eaea890, 0x000001d39eae8010,
0x000001d39eaef480, 0x000001d39f6a14d0, 0x000001d39f6a0090, 0x000001d39f69e230,
0x000001d39f6a4c80, 0x000001d39ec22980, 0x000001d39ec1ce60, 0x000001d39ec1e2a0,
0x000001d39ec1d880, 0x000001d39ec1f6e0, 0x000001d39ec1fbf0, 0x000001d39f8167a0,
0x000001d39f818600, 0x000001d3a0610ec0, 0x000001d3a0613230, 0x000001d3a0613c50,
0x000001d3a06155a0, 0x000001d39eaeea60, 0x000001d39f6a19e0, 0x000001d39f6a3840,
0x000001d3a07f29e0, 0x000001d39f69dd20, 0x000001d39ec1c950, 0x000001d39f81c7d0,
0x000001d39f31a0d0, 0x000001d39f317340, 0x000001d39f3159f0, 0x000001d39f318780,
0x000001d39f3140a0, 0x000001d39f31ba20, 0x000001d39f3145b0, 0x000001d39f319bc0,
0x000001d39ec22470, 0x000001d39f6a2400, 0x000001d39f81b8a0, 0x000001d39f81bdb0,
0x000001d39ec21a50, 0x000001d39eaeb7c0, 0x000001d39eaed620, 0x000001d39f81d1f0,
0x000001d39e823090, 0x000001d39e821740, 0x000001d39e820d20, 0x000001d39e821230,
0x000001d39e822670, 0x000001d39e823fc0, 0x000001d39e81da80, 0x000001d39e8244d0,
0x000001d39e822b80, 0x000001d39e8249e0, 0x000001d39f315f00, 0x000001d39f314ac0,
0x000001d39f314fd0, 0x000001d39f317850, 0x000001d39f3154e0, 0x000001d39f318c90,
0x000001d39f317d60, 0x000001d39f316410, 0x000001d39f316920, 0x000001d39f3191a0,
0x000001d39f31b510, 0x000001d39f316e30, 0x000001d39f318270, 0x000001d39f31a5e0,
0x000001d39f3196b0, 0x000001d39f31aaf0, 0x000001d39e821c50
}

Java Threads: ( => current thread )
  0x000001d38084e2d0 JavaThread "main" [_thread_blocked, id=11032, stack(0x0000007b73200000,0x0000007b73300000)]
  0x000001d399f81aa0 JavaThread "Reference Handler" daemon [_thread_blocked, id=35736, stack(0x0000007b73900000,0x0000007b73a00000)]
  0x000001d399f82ec0 JavaThread "Finalizer" daemon [_thread_blocked, id=38508, stack(0x0000007b73a00000,0x0000007b73b00000)]
  0x000001d399fae630 JavaThread "Signal Dispatcher" daemon [_thread_blocked, id=10968, stack(0x0000007b73b00000,0x0000007b73c00000)]
  0x000001d39e031fa0 JavaThread "Attach Listener" daemon [_thread_blocked, id=31608, stack(0x0000007b73c00000,0x0000007b73d00000)]
  0x000001d39e032870 JavaThread "Service Thread" daemon [_thread_blocked, id=32624, stack(0x0000007b73d00000,0x0000007b73e00000)]
  0x000001d39e036640 JavaThread "Monitor Deflation Thread" daemon [_thread_blocked, id=8544, stack(0x0000007b73e00000,0x0000007b73f00000)]
=>0x000001d39e039250 JavaThread "C2 CompilerThread0" daemon [_thread_in_native, id=18208, stack(0x0000007b73f00000,0x0000007b74000000)]
  0x000001d39e039b60 JavaThread "C1 CompilerThread0" daemon [_thread_blocked, id=30904, stack(0x0000007b74000000,0x0000007b74100000)]
  0x000001d39e056d30 JavaThread "Sweeper thread" daemon [_thread_blocked, id=43556, stack(0x0000007b74100000,0x0000007b74200000)]
  0x000001d39e1c6b10 JavaThread "Notification Thread" daemon [_thread_blocked, id=36676, stack(0x0000007b74200000,0x0000007b74300000)]
  0x000001d39e1dbc80 JavaThread "Common-Cleaner" daemon [_thread_blocked, id=8016, stack(0x0000007b74400000,0x0000007b74500000)]
  0x000001d39e9604c0 JavaThread "ReaderThread" [_thread_in_native, id=36320, stack(0x0000007b74700000,0x0000007b74800000)]
  0x000001d39f6f3020 JavaThread "External Process Output Forwarder - C:\Users\cis\.cache\selenium\chromedriver\win64\121.0.6167.85\chromedriver.exe" daemon [_thread_in_native, id=33616, stack(0x0000007b74f00000,0x0000007b75000000)]
  0x000001d3a07f1ab0 JavaThread "Driver Service Executor" daemon [_thread_blocked, id=40468, stack(0x0000007b75000000,0x0000007b75100000)]
  0x000001d3a07f15a0 JavaThread "Driver Service Executor" daemon [_thread_blocked, id=37416, stack(0x0000007b75100000,0x0000007b75200000)]
  0x000001d3a07f1090 JavaThread "HttpClient-2-SelectorManager" daemon [_thread_in_native, id=41972, stack(0x0000007b75300000,0x0000007b75400000)]
  0x000001d3a060f060 JavaThread "External Process Output Forwarder - C:\Users\cis\.cache\selenium\chromedriver\win64\121.0.6167.85\chromedriver.exe" daemon [_thread_in_native, id=10440, stack(0x0000007b75b00000,0x0000007b75c00000)]
  0x000001d3a06118e0 JavaThread "Driver Service Executor" daemon [_thread_blocked, id=30460, stack(0x0000007b75c00000,0x0000007b75d00000)]
  0x000001d3a0614670 JavaThread "Driver Service Executor" daemon [_thread_blocked, id=18964, stack(0x0000007b75d00000,0x0000007b75e00000)]
  0x000001d3a0612810 JavaThread "HttpClient-4-SelectorManager" daemon [_thread_in_native, id=21544, stack(0x0000007b74d00000,0x0000007b74e00000)]
  0x000001d3a060f570 JavaThread "External Process Output Forwarder - C:\Users\cis\.cache\selenium\chromedriver\win64\121.0.6167.85\chromedriver.exe" daemon [_thread_in_native, id=35080, stack(0x0000007b76500000,0x0000007b76600000)]
  0x000001d3a06113d0 JavaThread "Driver Service Executor" daemon [_thread_blocked, id=10704, stack(0x0000007b76600000,0x0000007b76700000)]
  0x000001d3a06104a0 JavaThread "Driver Service Executor" daemon [_thread_blocked, id=38144, stack(0x0000007b76700000,0x0000007b76800000)]
  0x000001d3a0612300 JavaThread "HttpClient-6-SelectorManager" daemon [_thread_in_native, id=36204, stack(0x0000007b76c00000,0x0000007b76d00000)]
  0x000001d39eaee550 JavaThread "External Process Output Forwarder - C:\Users\cis\.cache\selenium\chromedriver\win64\121.0.6167.85\chromedriver.exe" daemon [_thread_in_native, id=43860, stack(0x0000007b77200000,0x0000007b77300000)]
  0x000001d39eae8a30 JavaThread "Driver Service Executor" daemon [_thread_blocked, id=41116, stack(0x0000007b77300000,0x0000007b77400000)]
  0x000001d39eaeef70 JavaThread "Driver Service Executor" daemon [_thread_blocked, id=11976, stack(0x0000007b77400000,0x0000007b77500000)]
  0x000001d39eaec6f0 JavaThread "HttpClient-8-SelectorManager" daemon [_thread_in_native, id=39288, stack(0x0000007b75a00000,0x0000007b75b00000)]
  0x000001d39eae8f40 JavaThread "External Process Output Forwarder - C:\Users\cis\.cache\selenium\chromedriver\win64\121.0.6167.85\chromedriver.exe" daemon [_thread_in_native, id=44684, stack(0x0000007b77500000,0x0000007b77600000)]
  0x000001d39eaef990 JavaThread "Driver Service Executor" daemon [_thread_blocked, id=44688, stack(0x0000007b77c00000,0x0000007b77d00000)]
  0x000001d39eae9e70 JavaThread "Driver Service Executor" daemon [_thread_blocked, id=44692, stack(0x0000007b77d00000,0x0000007b77e00000)]
  0x000001d39eaecc00 JavaThread "HttpClient-10-SelectorManager" daemon [_thread_in_native, id=44236, stack(0x0000007b78100000,0x0000007b78200000)]
  0x000001d3a06164d0 JavaThread "External Process Output Forwarder - C:\Users\cis\.cache\selenium\chromedriver\win64\121.0.6167.85\chromedriver.exe" daemon [_thread_in_native, id=44520, stack(0x0000007b78600000,0x0000007b78700000)]
  0x000001d3a060ff90 JavaThread "Driver Service Executor" daemon [_thread_blocked, id=44584, stack(0x0000007b78700000,0x0000007b78800000)]
  0x000001d3a0611df0 JavaThread "Driver Service Executor" daemon [_thread_blocked, id=44592, stack(0x0000007b78800000,0x0000007b78900000)]
  0x000001d39f69f160 JavaThread "HttpClient-12-SelectorManager" daemon [_thread_in_native, id=45180, stack(0x0000007b78d00000,0x0000007b78e00000)]
  0x000001d39f6a0ab0 JavaThread "External Process Output Forwarder - C:\Users\cis\.cache\selenium\chromedriver\win64\121.0.6167.85\chromedriver.exe" daemon [_thread_in_native, id=43692, stack(0x0000007b78900000,0x0000007b78a00000)]
  0x000001d39f6a05a0 JavaThread "Driver Service Executor" daemon [_thread_blocked, id=30296, stack(0x0000007b79100000,0x0000007b79200000)]
  0x000001d39f6a3330 JavaThread "Driver Service Executor" daemon [_thread_blocked, id=31072, stack(0x0000007b79200000,0x0000007b79300000)]
  0x000001d39f6a3d50 JavaThread "HttpClient-14-SelectorManager" daemon [_thread_in_native, id=45924, stack(0x0000007b72f00000,0x0000007b73000000)]
  0x000001d39f6a2910 JavaThread "External Process Output Forwarder - C:\Users\cis\.cache\selenium\chromedriver\win64\121.0.6167.85\chromedriver.exe" daemon [_thread_in_native, id=32060, stack(0x0000007b75600000,0x0000007b75700000)]
  0x000001d39f69d810 JavaThread "Driver Service Executor" daemon [_thread_blocked, id=45136, stack(0x0000007b75800000,0x0000007b75900000)]
  0x000001d39f69e740 JavaThread "Driver Service Executor" daemon [_thread_blocked, id=45856, stack(0x0000007b79300000,0x0000007b79400000)]
  0x000001d3a0614160 JavaThread "HttpClient-16-SelectorManager" daemon [_thread_in_native, id=46340, stack(0x0000007b74e00000,0x0000007b74f00000)]
  0x000001d39f817be0 JavaThread "External Process Output Forwarder - C:\Users\cis\.cache\selenium\chromedriver\win64\121.0.6167.85\chromedriver.exe" daemon [_thread_in_native, id=47004, stack(0x0000007b75500000,0x0000007b75600000)]
  0x000001d39f81d700 JavaThread "Driver Service Executor" daemon [_thread_blocked, id=47012, stack(0x0000007b75900000,0x0000007b75a00000)]
  0x000001d39f81dc10 JavaThread "Driver Service Executor" daemon [_thread_blocked, id=47020, stack(0x0000007b75e00000,0x0000007b75f00000)]
  0x000001d39f8171c0 JavaThread "HttpClient-18-SelectorManager" daemon [_thread_in_native, id=46884, stack(0x0000007b77e00000,0x0000007b77f00000)]
  0x000001d39f816cb0 JavaThread "External Process Output Forwarder - C:\Users\cis\.cache\selenium\chromedriver\win64\121.0.6167.85\chromedriver.exe" daemon [_thread_in_native, id=46928, stack(0x0000007b75f00000,0x0000007b76000000)]
  0x000001d39f819020 JavaThread "Driver Service Executor" daemon [_thread_blocked, id=46784, stack(0x0000007b76000000,0x0000007b76100000)]
  0x000001d39f819530 JavaThread "Driver Service Executor" daemon [_thread_blocked, id=34868, stack(0x0000007b76100000,0x0000007b76200000)]
  0x000001d39f81a970 JavaThread "HttpClient-20-SelectorManager" daemon [_thread_in_native, id=47360, stack(0x0000007b76f00000,0x0000007b77000000)]
  0x000001d3a06169e0 JavaThread "External Process Output Forwarder - C:\Users\cis\.cache\selenium\chromedriver\win64\121.0.6167.85\chromedriver.exe" daemon [_thread_in_native, id=8560, stack(0x0000007b7a600000,0x0000007b7a700000)]
  0x000001d3a0615ab0 JavaThread "Driver Service Executor" daemon [_thread_blocked, id=29416, stack(0x0000007b7a700000,0x0000007b7a800000)]
  0x000001d3a0613740 JavaThread "Driver Service Executor" daemon [_thread_blocked, id=15680, stack(0x0000007b7a800000,0x0000007b7a900000)]
  0x000001d3a0612d20 JavaThread "HttpClient-22-SelectorManager" daemon [_thread_in_native, id=47260, stack(0x0000007b76900000,0x0000007b76a00000)]
  0x000001d39eae8520 JavaThread "External Process Output Forwarder - C:\Users\cis\.cache\selenium\chromedriver\win64\121.0.6167.85\chromedriver.exe" daemon [_thread_in_native, id=47756, stack(0x0000007b77900000,0x0000007b77a00000)]
  0x000001d39eae9450 JavaThread "Driver Service Executor" daemon [_thread_blocked, id=47732, stack(0x0000007b77a00000,0x0000007b77b00000)]
  0x000001d39eae9960 JavaThread "Driver Service Executor" daemon [_thread_blocked, id=47772, stack(0x0000007b77b00000,0x0000007b77c00000)]
  0x000001d39eaebcd0 JavaThread "HttpClient-24-SelectorManager" daemon [_thread_in_native, id=48356, stack(0x0000007b77600000,0x0000007b77700000)]
  0x000001d39eaedb30 JavaThread "External Process Output Forwarder - C:\Users\cis\.cache\selenium\chromedriver\win64\121.0.6167.85\chromedriver.exe" daemon [_thread_in_native, id=48932, stack(0x0000007b78300000,0x0000007b78400000)]
  0x000001d39eaea380 JavaThread "Driver Service Executor" daemon [_thread_blocked, id=48928, stack(0x0000007b78400000,0x0000007b78500000)]
  0x000001d39eaed110 JavaThread "Driver Service Executor" daemon [_thread_blocked, id=48896, stack(0x0000007b7a900000,0x0000007b7aa00000)]
  0x000001d39eaee040 JavaThread "HttpClient-26-SelectorManager" daemon [_thread_in_native, id=48784, stack(0x0000007b76200000,0x0000007b76300000)]
  0x000001d39f6a2e20 JavaThread "External Process Output Forwarder - C:\Users\cis\.cache\selenium\chromedriver\win64\121.0.6167.85\chromedriver.exe" daemon [_thread_in_native, id=48504, stack(0x0000007b78b00000,0x0000007b78c00000)]
  0x000001d39f69ec50 JavaThread "Driver Service Executor" daemon [_thread_blocked, id=46888, stack(0x0000007b78c00000,0x0000007b78d00000)]
  0x000001d39f69f670 JavaThread "Driver Service Executor" daemon [_thread_blocked, id=19924, stack(0x0000007b78e00000,0x0000007b78f00000)]
  0x000001d39f6a4770 JavaThread "HttpClient-28-SelectorManager" daemon [_thread_in_native, id=49608, stack(0x0000007b73000000,0x0000007b73100000)]
  0x000001d39ec20610 JavaThread "External Process Output Forwarder - C:\Users\cis\.cache\selenium\chromedriver\win64\121.0.6167.85\chromedriver.exe" daemon [_thread_in_native, id=45864, stack(0x0000007b78f00000,0x0000007b79000000)]
  0x000001d39ec1e7b0 JavaThread "Driver Service Executor" daemon [_thread_blocked, id=47768, stack(0x0000007b79400000,0x0000007b79500000)]
  0x000001d39ec1b000 JavaThread "Driver Service Executor" daemon [_thread_blocked, id=43672, stack(0x0000007b79500000,0x0000007b79600000)]
  0x000001d39ec1bf30 JavaThread "HttpClient-30-SelectorManager" daemon [_thread_in_native, id=50204, stack(0x0000007b78200000,0x0000007b78300000)]
  0x000001d39ec20b20 JavaThread "External Process Output Forwarder - C:\Users\cis\.cache\selenium\chromedriver\win64\121.0.6167.85\chromedriver.exe" daemon [_thread_in_native, id=50884, stack(0x0000007b79800000,0x0000007b79900000)]
  0x000001d39ec21540 JavaThread "Driver Service Executor" daemon [_thread_blocked, id=50876, stack(0x0000007b79900000,0x0000007b79a00000)]
  0x000001d39ec1ecc0 JavaThread "Driver Service Executor" daemon [_thread_blocked, id=50872, stack(0x0000007b79a00000,0x0000007b79b00000)]
  0x000001d39ec21f60 JavaThread "HttpClient-32-SelectorManager" daemon [_thread_in_native, id=50484, stack(0x0000007b7bb00000,0x0000007b7bc00000)]
  0x000001d39ec1d370 JavaThread "External Process Output Forwarder - C:\Users\cis\.cache\selenium\chromedriver\win64\121.0.6167.85\chromedriver.exe" daemon [_thread_in_native, id=50664, stack(0x0000007b76300000,0x0000007b76400000)]
  0x000001d39f819f50 JavaThread "Driver Service Executor" daemon [_thread_blocked, id=47372, stack(0x0000007b76400000,0x0000007b76500000)]
  0x000001d39f81c2c0 JavaThread "Driver Service Executor" daemon [_thread_blocked, id=46500, stack(0x0000007b76a00000,0x0000007b76b00000)]
  0x000001d39f81cce0 JavaThread "HttpClient-34-SelectorManager" daemon [_thread_in_native, id=51268, stack(0x0000007b78a00000,0x0000007b78b00000)]
  0x000001d39f819a40 JavaThread "External Process Output Forwarder - C:\Users\cis\.cache\selenium\chromedriver\win64\121.0.6167.85\chromedriver.exe" daemon [_thread_in_native, id=52092, stack(0x0000007b77700000,0x0000007b77800000)]
  0x000001d39f818b10 JavaThread "Driver Service Executor" daemon [_thread_blocked, id=52096, stack(0x0000007b77800000,0x0000007b77900000)]
  0x000001d39f81b390 JavaThread "Driver Service Executor" daemon [_thread_blocked, id=52100, stack(0x0000007b7a400000,0x0000007b7a500000)]
  0x000001d3a06109b0 JavaThread "HttpClient-36-SelectorManager" daemon [_thread_in_native, id=51876, stack(0x0000007b7ad00000,0x0000007b7ae00000)]
  0x000001d3a0615fc0 JavaThread "External Process Output Forwarder - C:\Users\cis\.cache\selenium\chromedriver\win64\121.0.6167.85\chromedriver.exe" daemon [_thread_in_native, id=51804, stack(0x0000007b78000000,0x0000007b78100000)]
  0x000001d39eaea890 JavaThread "Driver Service Executor" daemon [_thread_blocked, id=51368, stack(0x0000007b78500000,0x0000007b78600000)]
  0x000001d39eae8010 JavaThread "Driver Service Executor" daemon [_thread_blocked, id=51500, stack(0x0000007b7a500000,0x0000007b7a600000)]
  0x000001d39eaef480 JavaThread "HttpClient-38-SelectorManager" daemon [_thread_in_native, id=52344, stack(0x0000007b7c200000,0x0000007b7c300000)]
  0x000001d39f6a14d0 JavaThread "External Process Output Forwarder - C:\Users\cis\.cache\selenium\chromedriver\win64\121.0.6167.85\chromedriver.exe" daemon [_thread_in_native, id=52300, stack(0x0000007b75700000,0x0000007b75800000)]
  0x000001d39f6a0090 JavaThread "Driver Service Executor" daemon [_thread_blocked, id=51772, stack(0x0000007b79000000,0x0000007b79100000)]
  0x000001d39f69e230 JavaThread "Driver Service Executor" daemon [_thread_blocked, id=52352, stack(0x0000007b79700000,0x0000007b79800000)]
  0x000001d39f6a4c80 JavaThread "HttpClient-40-SelectorManager" daemon [_thread_in_native, id=41004, stack(0x0000007b76b00000,0x0000007b76c00000)]
  0x000001d39ec22980 JavaThread "External Process Output Forwarder - C:\Users\cis\.cache\selenium\chromedriver\win64\121.0.6167.85\chromedriver.exe" daemon [_thread_in_native, id=38616, stack(0x0000007b79b00000,0x0000007b79c00000)]
  0x000001d39ec1ce60 JavaThread "Driver Service Executor" daemon [_thread_blocked, id=51492, stack(0x0000007b79c00000,0x0000007b79d00000)]
  0x000001d39ec1e2a0 JavaThread "Driver Service Executor" daemon [_thread_blocked, id=11416, stack(0x0000007b79e00000,0x0000007b79f00000)]
  0x000001d39ec1d880 JavaThread "HttpClient-42-SelectorManager" daemon [_thread_in_native, id=40236, stack(0x0000007b76d00000,0x0000007b76e00000)]
  0x000001d39ec1f6e0 JavaThread "External Process Output Forwarder - C:\Users\cis\.cache\selenium\chromedriver\win64\121.0.6167.85\chromedriver.exe" daemon [_thread_in_native, id=52716, stack(0x0000007b7b000000,0x0000007b7b100000)]
  0x000001d39ec1fbf0 JavaThread "Driver Service Executor" daemon [_thread_blocked, id=52676, stack(0x0000007b7b900000,0x0000007b7ba00000)]
  0x000001d39f8167a0 JavaThread "Driver Service Executor" daemon [_thread_blocked, id=52152, stack(0x0000007b7ba00000,0x0000007b7bb00000)]
  0x000001d39f818600 JavaThread "HttpClient-44-SelectorManager" daemon [_thread_in_native, id=53668, stack(0x0000007b7c000000,0x0000007b7c100000)]
  0x000001d3a0610ec0 JavaThread "External Process Output Forwarder - C:\Users\cis\.cache\selenium\chromedriver\win64\121.0.6167.85\chromedriver.exe" daemon [_thread_in_native, id=54120, stack(0x0000007b7ab00000,0x0000007b7ac00000)]
  0x000001d3a0613230 JavaThread "Driver Service Executor" daemon [_thread_blocked, id=53960, stack(0x0000007b7ac00000,0x0000007b7ad00000)]
  0x000001d3a0613c50 JavaThread "Driver Service Executor" daemon [_thread_blocked, id=54128, stack(0x0000007b7b300000,0x0000007b7b400000)]
  0x000001d3a06155a0 JavaThread "HttpClient-46-SelectorManager" daemon [_thread_in_native, id=53948, stack(0x0000007b7c600000,0x0000007b7c700000)]
  0x000001d39eaeea60 JavaThread "External Process Output Forwarder - C:\Users\cis\.cache\selenium\chromedriver\win64\121.0.6167.85\chromedriver.exe" daemon [_thread_in_native, id=54764, stack(0x0000007b7af00000,0x0000007b7b000000)]
  0x000001d39f6a19e0 JavaThread "Driver Service Executor" daemon [_thread_blocked, id=54724, stack(0x0000007b7b100000,0x0000007b7b200000)]
  0x000001d39f6a3840 JavaThread "Driver Service Executor" daemon [_thread_blocked, id=54796, stack(0x0000007b7b400000,0x0000007b7b500000)]
  0x000001d3a07f29e0 JavaThread "HttpClient-48-SelectorManager" daemon [_thread_in_native, id=54328, stack(0x0000007b73100000,0x0000007b73200000)]
  0x000001d39f69dd20 JavaThread "External Process Output Forwarder - C:\Users\cis\.cache\selenium\chromedriver\win64\121.0.6167.85\chromedriver.exe" daemon [_thread_in_native, id=54844, stack(0x0000007b77100000,0x0000007b77200000)]
  0x000001d39ec1c950 JavaThread "Driver Service Executor" daemon [_thread_blocked, id=54852, stack(0x0000007b77f00000,0x0000007b78000000)]
  0x000001d39f81c7d0 JavaThread "Driver Service Executor" daemon [_thread_blocked, id=54776, stack(0x0000007b7b500000,0x0000007b7b600000)]
  0x000001d39f31a0d0 JavaThread "HttpClient-50-SelectorManager" daemon [_thread_in_native, id=55500, stack(0x0000007b7d200000,0x0000007b7d300000)]
  0x000001d39f317340 JavaThread "External Process Output Forwarder - C:\Users\cis\.cache\selenium\chromedriver\win64\121.0.6167.85\chromedriver.exe" daemon [_thread_in_native, id=56252, stack(0x0000007b7d700000,0x0000007b7d800000)]
  0x000001d39f3159f0 JavaThread "Driver Service Executor" daemon [_thread_blocked, id=56312, stack(0x0000007b7d800000,0x0000007b7d900000)]
  0x000001d39f318780 JavaThread "Driver Service Executor" daemon [_thread_blocked, id=56296, stack(0x0000007b7d900000,0x0000007b7da00000)]
  0x000001d39f3140a0 JavaThread "HttpClient-52-SelectorManager" daemon [_thread_in_native, id=56236, stack(0x0000007b79d00000,0x0000007b79e00000)]
  0x000001d39f31ba20 JavaThread "External Process Output Forwarder - C:\Users\cis\.cache\selenium\chromedriver\win64\121.0.6167.85\chromedriver.exe" daemon [_thread_in_native, id=56376, stack(0x0000007b7a200000,0x0000007b7a300000)]
  0x000001d39f3145b0 JavaThread "Driver Service Executor" daemon [_thread_blocked, id=56380, stack(0x0000007b7a300000,0x0000007b7a400000)]
  0x000001d39f319bc0 JavaThread "Driver Service Executor" daemon [_thread_blocked, id=56384, stack(0x0000007b7aa00000,0x0000007b7ab00000)]
  0x000001d39ec22470 JavaThread "HttpClient-54-SelectorManager" daemon [_thread_in_native, id=56984, stack(0x0000007b7da00000,0x0000007b7db00000)]
  0x000001d39f6a2400 JavaThread "External Process Output Forwarder - C:\Users\cis\.cache\selenium\chromedriver\win64\121.0.6167.85\chromedriver.exe" daemon [_thread_in_native, id=56256, stack(0x0000007b7a000000,0x0000007b7a100000)]
  0x000001d39f81b8a0 JavaThread "Driver Service Executor" daemon [_thread_blocked, id=57200, stack(0x0000007b7a100000,0x0000007b7a200000)]
  0x000001d39f81bdb0 JavaThread "Driver Service Executor" daemon [_thread_blocked, id=57160, stack(0x0000007b7ae00000,0x0000007b7af00000)]
  0x000001d39ec21a50 JavaThread "HttpClient-56-SelectorManager" daemon [_thread_in_native, id=57524, stack(0x0000007b7c500000,0x0000007b7c600000)]
  0x000001d39eaeb7c0 JavaThread "External Process Output Forwarder - C:\Users\cis\.cache\selenium\chromedriver\win64\121.0.6167.85\chromedriver.exe" daemon [_thread_in_native, id=57420, stack(0x0000007b7bd00000,0x0000007b7be00000)]
  0x000001d39eaed620 JavaThread "Driver Service Executor" daemon [_thread_blocked, id=56004, stack(0x0000007b7be00000,0x0000007b7bf00000)]
  0x000001d39f81d1f0 JavaThread "Driver Service Executor" daemon [_thread_blocked, id=55676, stack(0x0000007b7bf00000,0x0000007b7c000000)]
  0x000001d39e823090 JavaThread "HttpClient-58-SelectorManager" daemon [_thread_in_native, id=58240, stack(0x0000007b76e00000,0x0000007b76f00000)]
  0x000001d39e821740 JavaThread "External Process Output Forwarder - C:\Users\cis\.cache\selenium\chromedriver\win64\121.0.6167.85\chromedriver.exe" daemon [_thread_in_native, id=57592, stack(0x0000007b7c700000,0x0000007b7c800000)]
  0x000001d39e820d20 JavaThread "Driver Service Executor" daemon [_thread_blocked, id=55640, stack(0x0000007b7cc00000,0x0000007b7cd00000)]
  0x000001d39e821230 JavaThread "Driver Service Executor" daemon [_thread_blocked, id=58296, stack(0x0000007b7cd00000,0x0000007b7ce00000)]
  0x000001d39e822670 JavaThread "HttpClient-60-SelectorManager" daemon [_thread_in_native, id=58788, stack(0x0000007b75400000,0x0000007b75500000)]
  0x000001d39e823fc0 JavaThread "HttpClient-61-SelectorManager" daemon [_thread_in_native, id=58388, stack(0x0000007b79f00000,0x0000007b7a000000)]
  0x000001d39e81da80 JavaThread "External Process Output Forwarder - C:\Users\cis\.cache\selenium\chromedriver\win64\121.0.6167.85\chromedriver.exe" daemon [_thread_in_native, id=54336, stack(0x0000007b7b600000,0x0000007b7b700000)]
  0x000001d39e8244d0 JavaThread "Driver Service Executor" daemon [_thread_blocked, id=59368, stack(0x0000007b7b700000,0x0000007b7b800000)]
  0x000001d39e822b80 JavaThread "Driver Service Executor" daemon [_thread_blocked, id=59096, stack(0x0000007b7d000000,0x0000007b7d100000)]
  0x000001d39e8249e0 JavaThread "HttpClient-62-SelectorManager" daemon [_thread_in_native, id=59064, stack(0x0000007b7d500000,0x0000007b7d600000)]
  0x000001d39f315f00 JavaThread "pool-61-thread-4" [_thread_blocked, id=12468, stack(0x0000007b74500000,0x0000007b74600000)]
  0x000001d39f314ac0 JavaThread "pool-61-thread-5" [_thread_blocked, id=59552, stack(0x0000007b75200000,0x0000007b75300000)]
  0x000001d39f314fd0 JavaThread "ForkJoinPool.commonPool-worker-2" daemon [_thread_blocked, id=39536, stack(0x0000007b7b800000,0x0000007b7b900000)]
  0x000001d39f317850 JavaThread "pool-62-thread-4" [_thread_blocked, id=59672, stack(0x0000007b7bc00000,0x0000007b7bd00000)]
  0x000001d39f3154e0 JavaThread "pool-61-thread-6" [_thread_blocked, id=59744, stack(0x0000007b7c100000,0x0000007b7c200000)]
  0x000001d39f318c90 JavaThread "HttpClient-63-SelectorManager" daemon [_thread_in_native, id=59920, stack(0x0000007b7c300000,0x0000007b7c400000)]
  0x000001d39f317d60 JavaThread "External Process Output Forwarder - C:\Users\cis\.cache\selenium\chromedriver\win64\121.0.6167.85\chromedriver.exe" daemon [_thread_in_native, id=59896, stack(0x0000007b7c400000,0x0000007b7c500000)]
  0x000001d39f316410 JavaThread "Driver Service Executor" daemon [_thread_blocked, id=49396, stack(0x0000007b7c800000,0x0000007b7c900000)]
  0x000001d39f316920 JavaThread "Driver Service Executor" daemon [_thread_in_native, id=6956, stack(0x0000007b7c900000,0x0000007b7ca00000)]
  0x000001d39f3191a0 JavaThread "UrlChecker-3" daemon [_thread_blocked, id=58864, stack(0x0000007b7ca00000,0x0000007b7cb00000)]
  0x000001d39f31b510 JavaThread "pool-63-thread-1" [_thread_blocked, id=60044, stack(0x0000007b7ce00000,0x0000007b7cf00000)]
  0x000001d39f316e30 JavaThread "pool-63-thread-2" [_thread_blocked, id=60112, stack(0x0000007b7cf00000,0x0000007b7d000000)]
  0x000001d39f318270 JavaThread "HttpClient-64-SelectorManager" daemon [_thread_in_native, id=40588, stack(0x0000007b79600000,0x0000007b79700000)]
  0x000001d39f31a5e0 JavaThread "pool-64-thread-1" [_thread_blocked, id=59436, stack(0x0000007b7d100000,0x0000007b7d200000)]
  0x000001d39f3196b0 JavaThread "pool-64-thread-2" [_thread_blocked, id=59404, stack(0x0000007b7d300000,0x0000007b7d400000)]
  0x000001d39f31aaf0 JavaThread "pool-64-thread-3" [_thread_blocked, id=57308, stack(0x0000007b7d400000,0x0000007b7d500000)]
  0x000001d39e821c50 JavaThread "pool-63-thread-3" [_thread_blocked, id=59424, stack(0x0000007b7d600000,0x0000007b7d700000)]

Other Threads:
  0x000001d399f7fa40 VMThread "VM Thread" [stack: 0x0000007b73800000,0x0000007b73900000] [id=12064]
  0x000001d39e0fcba0 WatcherThread [stack: 0x0000007b74300000,0x0000007b74400000] [id=36980]
  0x000001d3808a8b90 GCTaskThread "GC Thread#0" [stack: 0x0000007b73300000,0x0000007b73400000] [id=11112]
  0x000001d39ef36040 GCTaskThread "GC Thread#1" [stack: 0x0000007b74800000,0x0000007b74900000] [id=36768]
  0x000001d39ef36300 GCTaskThread "GC Thread#2" [stack: 0x0000007b74900000,0x0000007b74a00000] [id=12384]
  0x000001d39ef365c0 GCTaskThread "GC Thread#3" [stack: 0x0000007b74a00000,0x0000007b74b00000] [id=42672]
  0x000001d3808b9ed0 ConcurrentGCThread "G1 Main Marker" [stack: 0x0000007b73400000,0x0000007b73500000] [id=32380]
  0x000001d3808ba800 ConcurrentGCThread "G1 Conc#0" [stack: 0x0000007b73500000,0x0000007b73600000] [id=21976]
  0x000001d3808fd8b0 ConcurrentGCThread "G1 Refine#0" [stack: 0x0000007b73600000,0x0000007b73700000] [id=35708]
  0x000001d39ee8c000 ConcurrentGCThread "G1 Refine#1" [stack: 0x0000007b74b00000,0x0000007b74c00000] [id=3136]
  0x000001d39e957980 ConcurrentGCThread "G1 Refine#2" [stack: 0x0000007b74c00000,0x0000007b74d00000] [id=40444]
  0x000001d3808fe1f0 ConcurrentGCThread "G1 Service" [stack: 0x0000007b73700000,0x0000007b73800000] [id=40340]

Threads with active compile tasks:
C2 CompilerThread0   440332 6478       4       java.util.regex.Matcher::replaceAll (59 bytes)

VM state: not at safepoint (normal execution)

VM Mutex/Monitor currently owned by a thread: None

Heap address: 0x0000000081600000, size: 2026 MB, Compressed Oops mode: 32-bit

CDS archive(s) not mapped
Compressed class space mapped at: 0x0000000100000000-0x0000000140000000, reserved size: 1073741824
Narrow klass base: 0x0000000000000000, Narrow klass shift: 3, Narrow klass range: 0x140000000

GC Precious Log:
 CPUs: 4 total, 4 available
 Memory: 8098M
 Large Page Support: Disabled
 NUMA Support: Disabled
 Compressed Oops: Enabled (32-bit)
 Heap Region Size: 1M
 Heap Min Capacity: 8M
 Heap Initial Capacity: 128M
 Heap Max Capacity: 2026M
 Pre-touch: Disabled
 Parallel Workers: 4
 Concurrent Workers: 1
 Concurrent Refinement Workers: 4
 Periodic GC: Disabled

Heap:
 garbage-first heap   total 63488K, used 37492K [0x0000000081600000, 0x0000000100000000)
  region size 1024K, 11 young (11264K), 2 survivors (2048K)
 Metaspace       used 37246K, committed 37504K, reserved 1114112K
  class space    used 4050K, committed 4160K, reserved 1048576K

Heap Regions: E=young(eden), S=young(survivor), O=old, HS=humongous(starts), HC=humongous(continues), CS=collection set, F=free, OA=open archive, CA=closed archive, TAMS=top-at-mark-start (previous, next)
|   0|0x0000000081600000, 0x0000000081700000, 0x0000000081700000|100%|HS|  |TAMS 0x0000000081700000, 0x0000000081600000| Complete 
|   1|0x0000000081700000, 0x0000000081800000, 0x0000000081800000|100%| O|  |TAMS 0x0000000081800000, 0x0000000081700000| Untracked 
|   2|0x0000000081800000, 0x0000000081900000, 0x0000000081900000|100%| O|  |TAMS 0x0000000081900000, 0x0000000081800000| Untracked 
|   3|0x0000000081900000, 0x0000000081a00000, 0x0000000081a00000|100%| O|  |TAMS 0x0000000081a00000, 0x0000000081900000| Untracked 
|   4|0x0000000081a00000, 0x0000000081b00000, 0x0000000081b00000|100%| O|  |TAMS 0x0000000081b00000, 0x0000000081a00000| Untracked 
|   5|0x0000000081b00000, 0x0000000081c00000, 0x0000000081c00000|100%| O|  |TAMS 0x0000000081c00000, 0x0000000081b00000| Untracked 
|   6|0x0000000081c00000, 0x0000000081d00000, 0x0000000081d00000|100%| O|  |TAMS 0x0000000081d00000, 0x0000000081c00000| Untracked 
|   7|0x0000000081d00000, 0x0000000081e00000, 0x0000000081e00000|100%| O|  |TAMS 0x0000000081e00000, 0x0000000081d00000| Untracked 
|   8|0x0000000081e00000, 0x0000000081f00000, 0x0000000081f00000|100%| O|  |TAMS 0x0000000081f00000, 0x0000000081e00000| Untracked 
|   9|0x0000000081f00000, 0x0000000081f00000, 0x0000000082000000|  0%| F|  |TAMS 0x0000000081f00000, 0x0000000081f00000| Untracked 
|  10|0x0000000082000000, 0x0000000082100000, 0x0000000082100000|100%| O|  |TAMS 0x0000000082100000, 0x0000000082000000| Untracked 
|  11|0x0000000082100000, 0x0000000082200000, 0x0000000082200000|100%| O|  |TAMS 0x0000000082200000, 0x0000000082100000| Untracked 
|  12|0x0000000082200000, 0x0000000082300000, 0x0000000082300000|100%| O|  |TAMS 0x0000000082300000, 0x0000000082200000| Untracked 
|  13|0x0000000082300000, 0x0000000082400000, 0x0000000082400000|100%| O|  |TAMS 0x0000000082400000, 0x0000000082300000| Untracked 
|  14|0x0000000082400000, 0x0000000082500000, 0x0000000082500000|100%| O|  |TAMS 0x0000000082500000, 0x0000000082400000| Untracked 
|  15|0x0000000082500000, 0x0000000082600000, 0x0000000082600000|100%| O|  |TAMS 0x0000000082600000, 0x0000000082500000| Complete 
|  16|0x0000000082600000, 0x0000000082700000, 0x0000000082700000|100%| O|  |TAMS 0x0000000082700000, 0x0000000082600000| Complete 
|  17|0x0000000082700000, 0x0000000082800000, 0x0000000082800000|100%| O|  |TAMS 0x0000000082800000, 0x0000000082700000| Untracked 
|  18|0x0000000082800000, 0x0000000082900000, 0x0000000082900000|100%| O|  |TAMS 0x0000000082900000, 0x0000000082800000| Untracked 
|  19|0x0000000082900000, 0x0000000082a00000, 0x0000000082a00000|100%| O|  |TAMS 0x0000000082a00000, 0x0000000082900000| Untracked 
|  20|0x0000000082a00000, 0x0000000082b00000, 0x0000000082b00000|100%| O|  |TAMS 0x0000000082b00000, 0x0000000082a00000| Untracked 
|  21|0x0000000082b00000, 0x0000000082c00000, 0x0000000082c00000|100%| O|  |TAMS 0x0000000082c00000, 0x0000000082b00000| Untracked 
|  22|0x0000000082c00000, 0x0000000082d00000, 0x0000000082d00000|100%| O|  |TAMS 0x0000000082d00000, 0x0000000082c00000| Untracked 
|  23|0x0000000082d00000, 0x0000000082e00000, 0x0000000082e00000|100%| O|  |TAMS 0x0000000082e00000, 0x0000000082d00000| Untracked 
|  24|0x0000000082e00000, 0x0000000082f00000, 0x0000000082f00000|100%| O|  |TAMS 0x0000000082f00000, 0x0000000082e00000| Untracked 
|  25|0x0000000082f00000, 0x0000000083000000, 0x0000000083000000|100%| O|  |TAMS 0x0000000083000000, 0x0000000082f00000| Complete 
|  26|0x0000000083000000, 0x0000000083100000, 0x0000000083100000|100%| O|  |TAMS 0x0000000083100000, 0x0000000083000000| Untracked 
|  27|0x0000000083100000, 0x0000000083200000, 0x0000000083200000|100%| O|  |TAMS 0x0000000083200000, 0x0000000083100000| Untracked 
|  28|0x0000000083200000, 0x000000008326b000, 0x0000000083300000| 41%| O|  |TAMS 0x000000008326b000, 0x0000000083200000| Untracked 
|  29|0x0000000083300000, 0x0000000083300000, 0x0000000083400000|  0%| F|  |TAMS 0x0000000083300000, 0x0000000083300000| Untracked 
|  30|0x0000000083400000, 0x0000000083400000, 0x0000000083500000|  0%| F|  |TAMS 0x0000000083400000, 0x0000000083400000| Untracked 
|  31|0x0000000083500000, 0x0000000083500000, 0x0000000083600000|  0%| F|  |TAMS 0x0000000083500000, 0x0000000083500000| Untracked 
|  32|0x0000000083600000, 0x0000000083600000, 0x0000000083700000|  0%| F|  |TAMS 0x0000000083600000, 0x0000000083600000| Untracked 
|  33|0x0000000083700000, 0x0000000083700000, 0x0000000083800000|  0%| F|  |TAMS 0x0000000083700000, 0x0000000083700000| Untracked 
|  34|0x0000000083800000, 0x0000000083800000, 0x0000000083900000|  0%| F|  |TAMS 0x0000000083800000, 0x0000000083800000| Untracked 
|  35|0x0000000083900000, 0x0000000083900000, 0x0000000083a00000|  0%| F|  |TAMS 0x0000000083900000, 0x0000000083900000| Untracked 
|  36|0x0000000083a00000, 0x0000000083a32110, 0x0000000083b00000| 19%| S|CS|TAMS 0x0000000083a00000, 0x0000000083a00000| Complete 
|  37|0x0000000083b00000, 0x0000000083c00000, 0x0000000083c00000|100%| S|CS|TAMS 0x0000000083b00000, 0x0000000083b00000| Complete 
|  38|0x0000000083c00000, 0x0000000083c00000, 0x0000000083d00000|  0%| F|  |TAMS 0x0000000083c00000, 0x0000000083c00000| Untracked 
|  39|0x0000000083d00000, 0x0000000083d00000, 0x0000000083e00000|  0%| F|  |TAMS 0x0000000083d00000, 0x0000000083d00000| Untracked 
|  40|0x0000000083e00000, 0x0000000083e00000, 0x0000000083f00000|  0%| F|  |TAMS 0x0000000083e00000, 0x0000000083e00000| Untracked 
|  41|0x0000000083f00000, 0x0000000083f00000, 0x0000000084000000|  0%| F|  |TAMS 0x0000000083f00000, 0x0000000083f00000| Untracked 
|  42|0x0000000084000000, 0x0000000084000000, 0x0000000084100000|  0%| F|  |TAMS 0x0000000084000000, 0x0000000084000000| Untracked 
|  43|0x0000000084100000, 0x0000000084100000, 0x0000000084200000|  0%| F|  |TAMS 0x0000000084100000, 0x0000000084100000| Untracked 
|  44|0x0000000084200000, 0x0000000084200000, 0x0000000084300000|  0%| F|  |TAMS 0x0000000084200000, 0x0000000084200000| Untracked 
|  45|0x0000000084300000, 0x0000000084300000, 0x0000000084400000|  0%| F|  |TAMS 0x0000000084300000, 0x0000000084300000| Untracked 
|  46|0x0000000084400000, 0x0000000084500000, 0x0000000084500000|100%| E|CS|TAMS 0x0000000084400000, 0x0000000084400000| Complete 
|  47|0x0000000084500000, 0x0000000084600000, 0x0000000084600000|100%| E|CS|TAMS 0x0000000084500000, 0x0000000084500000| Complete 
|  48|0x0000000084600000, 0x0000000084700000, 0x0000000084700000|100%| E|CS|TAMS 0x0000000084600000, 0x0000000084600000| Complete 
|  49|0x0000000084700000, 0x0000000084800000, 0x0000000084800000|100%| E|CS|TAMS 0x0000000084700000, 0x0000000084700000| Complete 
|  50|0x0000000084800000, 0x0000000084800000, 0x0000000084900000|  0%| F|  |TAMS 0x0000000084800000, 0x0000000084800000| Untracked 
|  51|0x0000000084900000, 0x0000000084900000, 0x0000000084a00000|  0%| F|  |TAMS 0x0000000084900000, 0x0000000084900000| Untracked 
|  52|0x0000000084a00000, 0x0000000084a00000, 0x0000000084b00000|  0%| F|  |TAMS 0x0000000084a00000, 0x0000000084a00000| Untracked 
|  53|0x0000000084b00000, 0x0000000084b00000, 0x0000000084c00000|  0%| F|  |TAMS 0x0000000084b00000, 0x0000000084b00000| Untracked 
|  54|0x0000000084c00000, 0x0000000084c00000, 0x0000000084d00000|  0%| F|  |TAMS 0x0000000084c00000, 0x0000000084c00000| Untracked 
|  55|0x0000000084d00000, 0x0000000084d00000, 0x0000000084e00000|  0%| F|  |TAMS 0x0000000084d00000, 0x0000000084d00000| Untracked 
|  56|0x0000000084e00000, 0x0000000084e00000, 0x0000000084f00000|  0%| F|  |TAMS 0x0000000084e00000, 0x0000000084e00000| Untracked 
|  57|0x0000000084f00000, 0x0000000084f829c0, 0x0000000085000000| 51%| E|  |TAMS 0x0000000084f00000, 0x0000000084f00000| Complete 
|  58|0x0000000085000000, 0x0000000085100000, 0x0000000085100000|100%| E|CS|TAMS 0x0000000085000000, 0x0000000085000000| Complete 
| 109|0x0000000088300000, 0x0000000088400000, 0x0000000088400000|100%| E|CS|TAMS 0x0000000088300000, 0x0000000088300000| Complete 
| 110|0x0000000088400000, 0x0000000088500000, 0x0000000088500000|100%| E|CS|TAMS 0x0000000088400000, 0x0000000088400000| Complete 
| 127|0x0000000089500000, 0x0000000089600000, 0x0000000089600000|100%| E|CS|TAMS 0x0000000089500000, 0x0000000089500000| Complete 

Card table byte_map: [0x000001d393310000,0x000001d393710000] _byte_map_base: 0x000001d392f05000

Marking Bits (Prev, Next): (CMBitMap*) 0x000001d3808a9100, (CMBitMap*) 0x000001d3808a90c0
 Prev Bits: [0x000001d395ac0000, 0x000001d397a68000)
 Next Bits: [0x000001d393b10000, 0x000001d395ab8000)

Polling page: 0x000001d380000000

Metaspace:

Usage:
  Non-class:     32.42 MB used.
      Class:      3.96 MB used.
       Both:     36.37 MB used.

Virtual space:
  Non-class space:       64.00 MB reserved,      32.56 MB ( 51%) committed,  1 nodes.
      Class space:        1.00 GB reserved,       4.06 MB ( <1%) committed,  1 nodes.
             Both:        1.06 GB reserved,      36.62 MB (  3%) committed. 

Chunk freelists:
   Non-Class:  14.62 MB
       Class:  11.94 MB
        Both:  26.56 MB

MaxMetaspaceSize: unlimited
CompressedClassSpaceSize: 1.00 GB
Initial GC threshold: 21.00 MB
Current GC threshold: 60.88 MB
CDS: off
MetaspaceReclaimPolicy: balanced
 - commit_granule_bytes: 65536.
 - commit_granule_words: 8192.
 - virtual_space_node_default_size: 8388608.
 - enlarge_chunks_in_place: 1.
 - new_chunks_are_fully_committed: 0.
 - uncommit_free_chunks: 1.
 - use_allocation_guard: 0.
 - handle_deallocations: 1.


Internal statistics:

num_allocs_failed_limit: 6.
num_arena_births: 410.
num_arena_deaths: 0.
num_vsnodes_births: 2.
num_vsnodes_deaths: 0.
num_space_committed: 586.
num_space_uncommitted: 0.
num_chunks_returned_to_freelist: 6.
num_chunks_taken_from_freelist: 1210.
num_chunk_merges: 6.
num_chunk_splits: 738.
num_chunks_enlarged: 483.
num_inconsistent_stats: 0.

CodeHeap 'non-profiled nmethods': size=120000Kb used=3289Kb max_used=3289Kb free=116711Kb
 bounds [0x000001d38b9e0000, 0x000001d38bd20000, 0x000001d392f10000]
CodeHeap 'profiled nmethods': size=120000Kb used=13742Kb max_used=13742Kb free=106258Kb
 bounds [0x000001d383f10000, 0x000001d384c80000, 0x000001d38b440000]
CodeHeap 'non-nmethods': size=5760Kb used=1286Kb max_used=1336Kb free=4473Kb
 bounds [0x000001d38b440000, 0x000001d38b6b0000, 0x000001d38b9e0000]
 total_blobs=7073 nmethods=6472 adapters=513
 compilation: enabled
              stopped_count=0, restarted_count=0
 full_count=0

Compilation events (20 events):
Event: 435.578 Thread 0x000001d39e039b60 nmethod 6468 0x000001d384c76f10 code [0x000001d384c770c0, 0x000001d384c77208]
Event: 436.319 Thread 0x000001d39e039b60 6469       3       sun.nio.ch.WEPoll::getEvent (9 bytes)
Event: 436.320 Thread 0x000001d39e039b60 nmethod 6469 0x000001d384c77290 code [0x000001d384c77420, 0x000001d384c77518]
Event: 436.471 Thread 0x000001d39e039b60 6470       3       org.openqa.selenium.json.NumberCoercer$$Lambda$420/0x000000010035ad38::apply (16 bytes)
Event: 436.471 Thread 0x000001d39e039b60 nmethod 6470 0x000001d384c77590 code [0x000001d384c77740, 0x000001d384c77a48]
Event: 436.471 Thread 0x000001d39e039b60 6472       3       java.util.LinkedHashMap::forEach (65 bytes)
Event: 436.472 Thread 0x000001d39e039b60 nmethod 6472 0x000001d384c77b90 code [0x000001d384c77d80, 0x000001d384c781e8]
Event: 436.472 Thread 0x000001d39e039b60 6471   !   3       org.openqa.selenium.json.NumberCoercer::lambda$apply$0 (102 bytes)
Event: 436.474 Thread 0x000001d39e039b60 nmethod 6471 0x000001d384c78390 code [0x000001d384c78660, 0x000001d384c791f8]
Event: 437.176 Thread 0x000001d39e039250 6473   !   4       sun.nio.ch.WEPollSelectorImpl::processUpdateQueue (203 bytes)
Event: 437.198 Thread 0x000001d39e039250 nmethod 6473 0x000001d38bd14710 code [0x000001d38bd14900, 0x000001d38bd14ff0]
Event: 437.222 Thread 0x000001d39e039b60 6474   !   3       sun.nio.ch.SelectorImpl::lockAndDoSelect (87 bytes)
Event: 437.223 Thread 0x000001d39e039b60 nmethod 6474 0x000001d384c79790 code [0x000001d384c799a0, 0x000001d384c79fe8]
Event: 439.060 Thread 0x000001d39e039250 6475       4       java.util.AbstractList$RandomAccessSpliterator::tryAdvance (63 bytes)
Event: 439.065 Thread 0x000001d39e039250 nmethod 6475 0x000001d38bd15590 code [0x000001d38bd15760, 0x000001d38bd15b88]
Event: 439.148 Thread 0x000001d39e039b60 6476       3       sun.nio.ch.WEPollSelectorImpl::processEvents (152 bytes)
Event: 439.149 Thread 0x000001d39e039b60 nmethod 6476 0x000001d384c7a410 code [0x000001d384c7a680, 0x000001d384c7b298]
Event: 439.211 Thread 0x000001d39e039250 6477       4       java.lang.ref.Reference::<init> (25 bytes)
Event: 439.213 Thread 0x000001d39e039250 nmethod 6477 0x000001d38bd16010 code [0x000001d38bd16180, 0x000001d38bd163b8]
Event: 440.256 Thread 0x000001d39e039250 6478       4       java.util.regex.Matcher::replaceAll (59 bytes)

GC Heap History (20 events):
Event: 288.071 GC heap before
{Heap before GC invocations=37 (full 0):
 garbage-first heap   total 54272K, used 42878K [0x0000000081600000, 0x0000000100000000)
  region size 1024K, 18 young (18432K), 2 survivors (2048K)
 Metaspace       used 36974K, committed 37248K, reserved 1114112K
  class space    used 4028K, committed 4160K, reserved 1048576K
}
Event: 288.073 GC heap after
{Heap after GC invocations=38 (full 0):
 garbage-first heap   total 54272K, used 26602K [0x0000000081600000, 0x0000000100000000)
  region size 1024K, 2 young (2048K), 2 survivors (2048K)
 Metaspace       used 36974K, committed 37248K, reserved 1114112K
  class space    used 4028K, committed 4160K, reserved 1048576K
}
Event: 288.075 GC heap before
{Heap before GC invocations=38 (full 0):
 garbage-first heap   total 54272K, used 27626K [0x0000000081600000, 0x0000000100000000)
  region size 1024K, 3 young (3072K), 2 survivors (2048K)
 Metaspace       used 36974K, committed 37248K, reserved 1114112K
  class space    used 4028K, committed 4160K, reserved 1048576K
}
Event: 288.078 GC heap after
{Heap after GC invocations=39 (full 0):
 garbage-first heap   total 54272K, used 26021K [0x0000000081600000, 0x0000000100000000)
  region size 1024K, 1 young (1024K), 1 survivors (1024K)
 Metaspace       used 36974K, committed 37248K, reserved 1114112K
  class space    used 4028K, committed 4160K, reserved 1048576K
}
Event: 298.602 GC heap before
{Heap before GC invocations=39 (full 0):
 garbage-first heap   total 54272K, used 41381K [0x0000000081600000, 0x0000000100000000)
  region size 1024K, 17 young (17408K), 1 survivors (1024K)
 Metaspace       used 36980K, committed 37248K, reserved 1114112K
  class space    used 4028K, committed 4160K, reserved 1048576K
}
Event: 298.604 GC heap after
{Heap after GC invocations=40 (full 0):
 garbage-first heap   total 54272K, used 27234K [0x0000000081600000, 0x0000000100000000)
  region size 1024K, 2 young (2048K), 2 survivors (2048K)
 Metaspace       used 36980K, committed 37248K, reserved 1114112K
  class space    used 4028K, committed 4160K, reserved 1048576K
}
Event: 311.533 GC heap before
{Heap before GC invocations=41 (full 0):
 garbage-first heap   total 54272K, used 41570K [0x0000000081600000, 0x0000000100000000)
  region size 1024K, 17 young (17408K), 2 survivors (2048K)
 Metaspace       used 37028K, committed 37376K, reserved 1114112K
  class space    used 4029K, committed 4160K, reserved 1048576K
}
Event: 311.535 GC heap after
{Heap after GC invocations=42 (full 0):
 garbage-first heap   total 54272K, used 27206K [0x0000000081600000, 0x0000000100000000)
  region size 1024K, 2 young (2048K), 2 survivors (2048K)
 Metaspace       used 37028K, committed 37376K, reserved 1114112K
  class space    used 4029K, committed 4160K, reserved 1048576K
}
Event: 311.536 GC heap before
{Heap before GC invocations=42 (full 0):
 garbage-first heap   total 54272K, used 28230K [0x0000000081600000, 0x0000000100000000)
  region size 1024K, 3 young (3072K), 2 survivors (2048K)
 Metaspace       used 37028K, committed 37376K, reserved 1114112K
  class space    used 4029K, committed 4160K, reserved 1048576K
}
Event: 312.056 GC heap after
{Heap after GC invocations=43 (full 0):
 garbage-first heap   total 54272K, used 25835K [0x0000000081600000, 0x0000000100000000)
  region size 1024K, 1 young (1024K), 1 survivors (1024K)
 Metaspace       used 37028K, committed 37376K, reserved 1114112K
  class space    used 4029K, committed 4160K, reserved 1048576K
}
Event: 324.777 GC heap before
{Heap before GC invocations=43 (full 0):
 garbage-first heap   total 54272K, used 38123K [0x0000000081600000, 0x0000000100000000)
  region size 1024K, 14 young (14336K), 1 survivors (1024K)
 Metaspace       used 37049K, committed 37376K, reserved 1114112K
  class space    used 4029K, committed 4160K, reserved 1048576K
}
Event: 324.779 GC heap after
{Heap after GC invocations=44 (full 0):
 garbage-first heap   total 54272K, used 26715K [0x0000000081600000, 0x0000000100000000)
  region size 1024K, 2 young (2048K), 2 survivors (2048K)
 Metaspace       used 37049K, committed 37376K, reserved 1114112K
  class space    used 4029K, committed 4160K, reserved 1048576K
}
Event: 324.799 GC heap before
{Heap before GC invocations=44 (full 0):
 garbage-first heap   total 54272K, used 34907K [0x0000000081600000, 0x0000000100000000)
  region size 1024K, 10 young (10240K), 2 survivors (2048K)
 Metaspace       used 37049K, committed 37376K, reserved 1114112K
  class space    used 4029K, committed 4160K, reserved 1048576K
}
Event: 324.802 GC heap after
{Heap after GC invocations=45 (full 0):
 garbage-first heap   total 54272K, used 27605K [0x0000000081600000, 0x0000000100000000)
  region size 1024K, 1 young (1024K), 1 survivors (1024K)
 Metaspace       used 37049K, committed 37376K, reserved 1114112K
  class space    used 4029K, committed 4160K, reserved 1048576K
}
Event: 360.220 GC heap before
{Heap before GC invocations=46 (full 0):
 garbage-first heap   total 54272K, used 42965K [0x0000000081600000, 0x0000000100000000)
  region size 1024K, 16 young (16384K), 1 survivors (1024K)
 Metaspace       used 37062K, committed 37376K, reserved 1114112K
  class space    used 4029K, committed 4160K, reserved 1048576K
}
Event: 360.223 GC heap after
{Heap after GC invocations=47 (full 0):
 garbage-first heap   total 54272K, used 28905K [0x0000000081600000, 0x0000000100000000)
  region size 1024K, 2 young (2048K), 2 survivors (2048K)
 Metaspace       used 37062K, committed 37376K, reserved 1114112K
  class space    used 4029K, committed 4160K, reserved 1048576K
}
Event: 360.225 GC heap before
{Heap before GC invocations=47 (full 0):
 garbage-first heap   total 54272K, used 29929K [0x0000000081600000, 0x0000000100000000)
  region size 1024K, 3 young (3072K), 2 survivors (2048K)
 Metaspace       used 37062K, committed 37376K, reserved 1114112K
  class space    used 4029K, committed 4160K, reserved 1048576K
}
Event: 360.232 GC heap after
{Heap after GC invocations=48 (full 0):
 garbage-first heap   total 54272K, used 28407K [0x0000000081600000, 0x0000000100000000)
  region size 1024K, 1 young (1024K), 1 survivors (1024K)
 Metaspace       used 37062K, committed 37376K, reserved 1114112K
  class space    used 4029K, committed 4160K, reserved 1048576K
}
Event: 434.240 GC heap before
{Heap before GC invocations=48 (full 0):
 garbage-first heap   total 54272K, used 42743K [0x0000000081600000, 0x0000000100000000)
  region size 1024K, 15 young (15360K), 1 survivors (1024K)
 Metaspace       used 37227K, committed 37504K, reserved 1114112K
  class space    used 4050K, committed 4160K, reserved 1048576K
}
Event: 434.242 GC heap after
{Heap after GC invocations=49 (full 0):
 garbage-first heap   total 54272K, used 29300K [0x0000000081600000, 0x0000000100000000)
  region size 1024K, 2 young (2048K), 2 survivors (2048K)
 Metaspace       used 37227K, committed 37504K, reserved 1114112K
  class space    used 4050K, committed 4160K, reserved 1048576K
}

Dll operation events (7 events):
Event: 0.018 Loaded shared library C:\Users\cis\.p2\pool\plugins\org.eclipse.justj.openjdk.hotspot.jre.full.win32.x86_64_17.0.9.v20231028-0858\jre\bin\java.dll
Event: 0.255 Loaded shared library C:\Users\cis\.p2\pool\plugins\org.eclipse.justj.openjdk.hotspot.jre.full.win32.x86_64_17.0.9.v20231028-0858\jre\bin\net.dll
Event: 0.258 Loaded shared library C:\Users\cis\.p2\pool\plugins\org.eclipse.justj.openjdk.hotspot.jre.full.win32.x86_64_17.0.9.v20231028-0858\jre\bin\nio.dll
Event: 0.271 Loaded shared library C:\Users\cis\.p2\pool\plugins\org.eclipse.justj.openjdk.hotspot.jre.full.win32.x86_64_17.0.9.v20231028-0858\jre\bin\zip.dll
Event: 0.517 Loaded shared library C:\Users\cis\.p2\pool\plugins\org.eclipse.justj.openjdk.hotspot.jre.full.win32.x86_64_17.0.9.v20231028-0858\jre\bin\jimage.dll
Event: 0.792 Loaded shared library C:\Users\cis\.p2\pool\plugins\org.eclipse.justj.openjdk.hotspot.jre.full.win32.x86_64_17.0.9.v20231028-0858\jre\bin\sunmscapi.dll
Event: 2.806 Loaded shared library C:\Users\cis\.p2\pool\plugins\org.eclipse.justj.openjdk.hotspot.jre.full.win32.x86_64_17.0.9.v20231028-0858\jre\bin\verify.dll

Deoptimization events (20 events):
Event: 431.211 Thread 0x000001d39f317850 Uncommon trap: trap_request=0xffffff45 fr.pc=0x000001d38bcc7f0c relative=0x000000000000022c
Event: 431.211 Thread 0x000001d39f317850 Uncommon trap: reason=unstable_if action=reinterpret pc=0x000001d38bcc7f0c method=java.util.Formatter$FormatSpecifier.print(Ljava/lang/Object;Ljava/util/Locale;)V @ 4 c2
Event: 431.211 Thread 0x000001d39f317850 DEOPT PACKING pc=0x000001d38bcc7f0c sp=0x0000007b7bcfee50
Event: 431.211 Thread 0x000001d39f317850 DEOPT UNPACKING pc=0x000001d38b4969a3 sp=0x0000007b7bcfee00 mode 2
Event: 434.205 Thread 0x000001d38084e2d0 Uncommon trap: trap_request=0xffffffc6 fr.pc=0x000001d38bb60994 relative=0x0000000000000174
Event: 434.205 Thread 0x000001d38084e2d0 Uncommon trap: reason=bimorphic_or_optimized_type_check action=maybe_recompile pc=0x000001d38bb60994 method=java.util.stream.StreamOpFlag.fromCharacteristics(Ljava/util/Spliterator;)I @ 14 c2
Event: 434.205 Thread 0x000001d38084e2d0 DEOPT PACKING pc=0x000001d38bb60994 sp=0x0000007b732fce40
Event: 434.205 Thread 0x000001d38084e2d0 DEOPT UNPACKING pc=0x000001d38b4969a3 sp=0x0000007b732fcd90 mode 2
Event: 434.206 Thread 0x000001d38084e2d0 Uncommon trap: trap_request=0xffffffde fr.pc=0x000001d38bc3f0fc relative=0x000000000000005c
Event: 434.206 Thread 0x000001d38084e2d0 Uncommon trap: reason=class_check action=maybe_recompile pc=0x000001d38bc3f0fc method=java.lang.invoke.Invokers$Holder.linkToTargetMethod(Ljava/lang/Object;Ljava/lang/Object;Ljava/lang/Object;Ljava/lang/Object;)Ljava/lang/Object; @ 1 c2
Event: 434.206 Thread 0x000001d38084e2d0 DEOPT PACKING pc=0x000001d38bc3f0fc sp=0x0000007b732fd0d0
Event: 434.206 Thread 0x000001d38084e2d0 DEOPT UNPACKING pc=0x000001d38b4969a3 sp=0x0000007b732fd060 mode 2
Event: 434.216 Thread 0x000001d38084e2d0 Uncommon trap: trap_request=0xffffffc6 fr.pc=0x000001d38bb60994 relative=0x0000000000000174
Event: 434.216 Thread 0x000001d38084e2d0 Uncommon trap: reason=bimorphic_or_optimized_type_check action=maybe_recompile pc=0x000001d38bb60994 method=java.util.stream.StreamOpFlag.fromCharacteristics(Ljava/util/Spliterator;)I @ 14 c2
Event: 434.216 Thread 0x000001d38084e2d0 DEOPT PACKING pc=0x000001d38bb60994 sp=0x0000007b732fd880
Event: 434.216 Thread 0x000001d38084e2d0 DEOPT UNPACKING pc=0x000001d38b4969a3 sp=0x0000007b732fd7d0 mode 2
Event: 434.216 Thread 0x000001d38084e2d0 Uncommon trap: trap_request=0xffffffde fr.pc=0x000001d38bc3f0fc relative=0x000000000000005c
Event: 434.216 Thread 0x000001d38084e2d0 Uncommon trap: reason=class_check action=maybe_recompile pc=0x000001d38bc3f0fc method=java.lang.invoke.Invokers$Holder.linkToTargetMethod(Ljava/lang/Object;Ljava/lang/Object;Ljava/lang/Object;Ljava/lang/Object;)Ljava/lang/Object; @ 1 c2
Event: 434.216 Thread 0x000001d38084e2d0 DEOPT PACKING pc=0x000001d38bc3f0fc sp=0x0000007b732fdb10
Event: 434.216 Thread 0x000001d38084e2d0 DEOPT UNPACKING pc=0x000001d38b4969a3 sp=0x0000007b732fdaa0 mode 2

Classes unloaded (0 events):
No events

Classes redefined (0 events):
No events

Internal exceptions (20 events):
Event: 325.599 Thread 0x000001d3a07f1fc0 Exception <a 'java/net/ConnectException'{0x0000000088417a28}: Connection refused: no further information> (0x0000000088417a28) 
thrown [s\src\hotspot\share\prims\jni.cpp, line 535]
Event: 325.599 Thread 0x000001d3a07f1fc0 Exception <a 'java/net/SocketException'{0x0000000088417d60}: Socket is not connected: shutdown> (0x0000000088417d60) 
thrown [s\src\hotspot\share\prims\jni.cpp, line 535]
Event: 360.200 Thread 0x000001d38084e2d0 Exception <a 'sun/nio/fs/WindowsException'{0x00000000847a3970}> (0x00000000847a3970) 
thrown [s\src\hotspot\share\prims\jni.cpp, line 516]
Event: 360.236 Thread 0x000001d38084e2d0 Exception <a 'java/net/SocketException'{0x0000000088358790}: Socket is not connected: shutdown> (0x0000000088358790) 
thrown [s\src\hotspot\share\prims\jni.cpp, line 535]
Event: 360.236 Thread 0x000001d38084e2d0 Exception <a 'java/net/SocketException'{0x0000000088358ff8}: Socket is not connected: shutdown> (0x0000000088358ff8) 
thrown [s\src\hotspot\share\prims\jni.cpp, line 535]
Event: 360.439 Thread 0x000001d3a07f1fc0 Exception <a 'java/net/ConnectException'{0x0000000088399690}: Connection refused: no further information> (0x0000000088399690) 
thrown [s\src\hotspot\share\prims\jni.cpp, line 535]
Event: 360.439 Thread 0x000001d3a07f1fc0 Exception <a 'java/net/SocketException'{0x0000000088399c20}: Socket is not connected: shutdown> (0x0000000088399c20) 
thrown [s\src\hotspot\share\prims\jni.cpp, line 535]
Event: 360.454 Thread 0x000001d3a07f1fc0 Exception <a 'java/net/ConnectException'{0x000000008839ae40}: Connection refused: no further information> (0x000000008839ae40) 
thrown [s\src\hotspot\share\prims\jni.cpp, line 535]
Event: 360.454 Thread 0x000001d3a07f1fc0 Exception <a 'java/net/SocketException'{0x000000008839b3c8}: Socket is not connected: shutdown> (0x000000008839b3c8) 
thrown [s\src\hotspot\share\prims\jni.cpp, line 535]
Event: 431.177 Thread 0x000001d39e8249e0 Exception <a 'sun/net/ConnectionResetException'{0x00000000847b21c8}: Connection reset> (0x00000000847b21c8) 
thrown [s\src\hotspot\share\prims\jni.cpp, line 535]
Event: 431.207 Thread 0x000001d39f317850 Exception <a 'java/lang/ClassNotFoundException'{0x0000000084445648}: sun/util/logging/resources/spi/loggingProvider> (0x0000000084445648) 
thrown [s\src\hotspot\share\classfile\systemDictionary.cpp, line 256]
Event: 434.206 Thread 0x000001d38084e2d0 Exception <a 'java/lang/reflect/InvocationTargetException'{0x00000000845b1bc8}> (0x00000000845b1bc8) 
thrown [s\src\hotspot\share\runtime\reflection.cpp, line 1121]
Event: 434.255 Thread 0x000001d38084e2d0 Exception <a 'java/net/SocketException'{0x00000000845c37a0}: Socket is not connected: shutdown> (0x00000000845c37a0) 
thrown [s\src\hotspot\share\prims\jni.cpp, line 535]
Event: 434.255 Thread 0x000001d38084e2d0 Exception <a 'java/net/SocketException'{0x00000000845c4008}: Socket is not connected: shutdown> (0x00000000845c4008) 
thrown [s\src\hotspot\share\prims\jni.cpp, line 535]
Event: 434.469 Thread 0x000001d39f3191a0 Exception <a 'java/net/ConnectException'{0x000000008440bbe0}: Connection refused: no further information> (0x000000008440bbe0) 
thrown [s\src\hotspot\share\prims\jni.cpp, line 535]
Event: 434.469 Thread 0x000001d39f3191a0 Exception <a 'java/net/SocketException'{0x000000008440bf18}: Socket is not connected: shutdown> (0x000000008440bf18) 
thrown [s\src\hotspot\share\prims\jni.cpp, line 535]
Event: 434.484 Thread 0x000001d39f3191a0 Exception <a 'java/net/ConnectException'{0x000000008440ce70}: Connection refused: no further information> (0x000000008440ce70) 
thrown [s\src\hotspot\share\prims\jni.cpp, line 535]
Event: 434.484 Thread 0x000001d39f3191a0 Exception <a 'java/net/SocketException'{0x000000008440d1a8}: Socket is not connected: shutdown> (0x000000008440d1a8) 
thrown [s\src\hotspot\share\prims\jni.cpp, line 535]
Event: 434.513 Thread 0x000001d39f3191a0 Exception <a 'java/net/ConnectException'{0x000000008440e3a0}: Connection refused: no further information> (0x000000008440e3a0) 
thrown [s\src\hotspot\share\prims\jni.cpp, line 535]
Event: 434.513 Thread 0x000001d39f3191a0 Exception <a 'java/net/SocketException'{0x000000008440e6d8}: Socket is not connected: shutdown> (0x000000008440e6d8) 
thrown [s\src\hotspot\share\prims\jni.cpp, line 535]

VM Operations (20 events):
Event: 362.794 Executing VM operation: Cleanup
Event: 362.795 Executing VM operation: Cleanup done
Event: 365.815 Executing VM operation: Cleanup
Event: 365.815 Executing VM operation: Cleanup done
Event: 366.829 Executing VM operation: Cleanup
Event: 366.829 Executing VM operation: Cleanup done
Event: 421.004 Executing VM operation: HandshakeAllThreads
Event: 421.005 Executing VM operation: HandshakeAllThreads done
Event: 432.106 Executing VM operation: Cleanup
Event: 432.106 Executing VM operation: Cleanup done
Event: 434.240 Executing VM operation: G1CollectForAllocation
Event: 434.242 Executing VM operation: G1CollectForAllocation done
Event: 434.286 Executing VM operation: G1PauseRemark
Event: 434.291 Executing VM operation: G1PauseRemark done
Event: 434.307 Executing VM operation: G1PauseCleanup
Event: 434.307 Executing VM operation: G1PauseCleanup done
Event: 435.317 Executing VM operation: Cleanup
Event: 435.317 Executing VM operation: Cleanup done
Event: 436.328 Executing VM operation: Cleanup
Event: 436.328 Executing VM operation: Cleanup done

Events (20 events):
Event: 431.213 loading class java/time/ZonedDateTime$1 done
Event: 434.180 Thread 0x000001d39f3154e0 Thread added: 0x000001d39f3154e0
Event: 434.262 Thread 0x000001d39f316410 Thread added: 0x000001d39f316410
Event: 434.458 Thread 0x000001d39f316410 Thread exited: 0x000001d39f316410
Event: 434.463 Thread 0x000001d39f318c90 Thread added: 0x000001d39f318c90
Event: 434.467 Thread 0x000001d39f317d60 Thread added: 0x000001d39f317d60
Event: 434.467 Thread 0x000001d39f316410 Thread added: 0x000001d39f316410
Event: 434.467 Thread 0x000001d39f316920 Thread added: 0x000001d39f316920
Event: 434.468 Thread 0x000001d39f3191a0 Thread added: 0x000001d39f3191a0
Event: 434.558 Thread 0x000001d39f31b000 Thread added: 0x000001d39f31b000
Event: 434.560 Thread 0x000001d39f31b510 Thread added: 0x000001d39f31b510
Event: 434.561 Thread 0x000001d39f316e30 Thread added: 0x000001d39f316e30
Event: 435.365 Thread 0x000001d39e823ab0 Thread exited: 0x000001d39e823ab0
Event: 435.566 Thread 0x000001d39f318270 Thread added: 0x000001d39f318270
Event: 435.566 Thread 0x000001d39f31a5e0 Thread added: 0x000001d39f31a5e0
Event: 435.569 Thread 0x000001d39f3196b0 Thread added: 0x000001d39f3196b0
Event: 435.571 Thread 0x000001d39f31aaf0 Thread added: 0x000001d39f31aaf0
Event: 435.578 Thread 0x000001d39e821c50 Thread added: 0x000001d39e821c50
Event: 436.033 Thread 0x000001d39eaeada0 Thread exited: 0x000001d39eaeada0
Event: 439.570 Thread 0x000001d39f31b000 Thread exited: 0x000001d39f31b000


Dynamic libraries:
0x00007ff6431d0000 - 0x00007ff6431de000 	C:\Users\cis\.p2\pool\plugins\org.eclipse.justj.openjdk.hotspot.jre.full.win32.x86_64_17.0.9.v20231028-0858\jre\bin\javaw.exe
0x00007ff91adf0000 - 0x00007ff91afe8000 	C:\WINDOWS\SYSTEM32\ntdll.dll
0x00007ff91aae0000 - 0x00007ff91ab9f000 	C:\WINDOWS\System32\KERNEL32.DLL
0x00007ff918a20000 - 0x00007ff918cf2000 	C:\WINDOWS\System32\KERNELBASE.dll
0x00007ff918d30000 - 0x00007ff918e30000 	C:\WINDOWS\System32\ucrtbase.dll
0x00007ff8ff830000 - 0x00007ff8ff847000 	C:\Users\cis\.p2\pool\plugins\org.eclipse.justj.openjdk.hotspot.jre.full.win32.x86_64_17.0.9.v20231028-0858\jre\bin\jli.dll
0x00007ff918f30000 - 0x00007ff9190d1000 	C:\WINDOWS\System32\USER32.dll
0x00007ff918620000 - 0x00007ff918642000 	C:\WINDOWS\System32\win32u.dll
0x00007ff9195c0000 - 0x00007ff9195eb000 	C:\WINDOWS\System32\GDI32.dll
0x00007ff918650000 - 0x00007ff91875f000 	C:\WINDOWS\System32\gdi32full.dll
0x00007ff918980000 - 0x00007ff918a1d000 	C:\WINDOWS\System32\msvcp_win.dll
0x00007ff9059e0000 - 0x00007ff905c7a000 	C:\WINDOWS\WinSxS\amd64_microsoft.windows.common-controls_6595b64144ccf1df_6.0.19041.1110_none_60b5254171f9507e\COMCTL32.dll
0x00007ff91aa40000 - 0x00007ff91aade000 	C:\WINDOWS\System32\msvcrt.dll
0x00007ff8ff6e0000 - 0x00007ff8ff6fb000 	C:\Users\cis\.p2\pool\plugins\org.eclipse.justj.openjdk.hotspot.jre.full.win32.x86_64_17.0.9.v20231028-0858\jre\bin\VCRUNTIME140.dll
0x00007ff918e30000 - 0x00007ff918e62000 	C:\WINDOWS\System32\IMM32.DLL
0x00007ff915d10000 - 0x00007ff915d1c000 	C:\Users\cis\.p2\pool\plugins\org.eclipse.justj.openjdk.hotspot.jre.full.win32.x86_64_17.0.9.v20231028-0858\jre\bin\vcruntime140_1.dll
0x00007ff8fc010000 - 0x00007ff8fc09d000 	C:\Users\cis\.p2\pool\plugins\org.eclipse.justj.openjdk.hotspot.jre.full.win32.x86_64_17.0.9.v20231028-0858\jre\bin\msvcp140.dll
0x00007ff89e390000 - 0x00007ff89eff1000 	C:\Users\cis\.p2\pool\plugins\org.eclipse.justj.openjdk.hotspot.jre.full.win32.x86_64_17.0.9.v20231028-0858\jre\bin\server\jvm.dll
0x00007ff9195f0000 - 0x00007ff91969e000 	C:\WINDOWS\System32\ADVAPI32.dll
0x00007ff9197e0000 - 0x00007ff91987c000 	C:\WINDOWS\System32\sechost.dll
0x00007ff919920000 - 0x00007ff919a45000 	C:\WINDOWS\System32\RPCRT4.dll
0x00007ff9182a0000 - 0x00007ff9182eb000 	C:\WINDOWS\SYSTEM32\POWRPROF.dll
0x00007ff8fa740000 - 0x00007ff8fa749000 	C:\WINDOWS\SYSTEM32\WSOCK32.dll
0x00007ff9198b0000 - 0x00007ff91991b000 	C:\WINDOWS\System32\WS2_32.dll
0x00007ff909e70000 - 0x00007ff909e97000 	C:\WINDOWS\SYSTEM32\WINMM.dll
0x00007ff90bb80000 - 0x00007ff90bb8a000 	C:\WINDOWS\SYSTEM32\VERSION.dll
0x00007ff918280000 - 0x00007ff918292000 	C:\WINDOWS\SYSTEM32\UMPDC.dll
0x00007ff9163c0000 - 0x00007ff9163d2000 	C:\WINDOWS\SYSTEM32\kernel.appcore.dll
0x00007ff8a3bf0000 - 0x00007ff8a3bfa000 	C:\Users\cis\.p2\pool\plugins\org.eclipse.justj.openjdk.hotspot.jre.full.win32.x86_64_17.0.9.v20231028-0858\jre\bin\jimage.dll
0x00007ff906480000 - 0x00007ff906664000 	C:\WINDOWS\SYSTEM32\DBGHELP.DLL
0x00007ff906360000 - 0x00007ff906395000 	C:\WINDOWS\SYSTEM32\dbgcore.DLL
0x00007ff918590000 - 0x00007ff918612000 	C:\WINDOWS\System32\bcryptPrimitives.dll
0x00007ff89f800000 - 0x00007ff89f825000 	C:\Users\cis\.p2\pool\plugins\org.eclipse.justj.openjdk.hotspot.jre.full.win32.x86_64_17.0.9.v20231028-0858\jre\bin\java.dll
0x00007ff89f7e0000 - 0x00007ff89f7f8000 	C:\Users\cis\.p2\pool\plugins\org.eclipse.justj.openjdk.hotspot.jre.full.win32.x86_64_17.0.9.v20231028-0858\jre\bin\zip.dll
0x00007ff91a000000 - 0x00007ff91a745000 	C:\WINDOWS\System32\SHELL32.dll
0x00007ff9165c0000 - 0x00007ff916d52000 	C:\WINDOWS\SYSTEM32\windows.storage.dll
0x00007ff919260000 - 0x00007ff9195b5000 	C:\WINDOWS\System32\combase.dll
0x00007ff917e60000 - 0x00007ff917e90000 	C:\WINDOWS\SYSTEM32\Wldp.dll
0x00007ff91a990000 - 0x00007ff91aa3d000 	C:\WINDOWS\System32\SHCORE.dll
0x00007ff91a930000 - 0x00007ff91a985000 	C:\WINDOWS\System32\shlwapi.dll
0x00007ff918420000 - 0x00007ff91843f000 	C:\WINDOWS\SYSTEM32\profapi.dll
0x00007ff89f7c0000 - 0x00007ff89f7d9000 	C:\Users\cis\.p2\pool\plugins\org.eclipse.justj.openjdk.hotspot.jre.full.win32.x86_64_17.0.9.v20231028-0858\jre\bin\net.dll
0x00007ff911990000 - 0x00007ff911a9c000 	C:\WINDOWS\SYSTEM32\WINHTTP.dll
0x00007ff917bc0000 - 0x00007ff917c2a000 	C:\WINDOWS\system32\mswsock.dll
0x00007ff89f7a0000 - 0x00007ff89f7b6000 	C:\Users\cis\.p2\pool\plugins\org.eclipse.justj.openjdk.hotspot.jre.full.win32.x86_64_17.0.9.v20231028-0858\jre\bin\nio.dll
0x00007ff9178f0000 - 0x00007ff9179bb000 	C:\WINDOWS\SYSTEM32\DNSAPI.dll
0x00007ff9178b0000 - 0x00007ff9178eb000 	C:\WINDOWS\SYSTEM32\IPHLPAPI.DLL
0x00007ff9197d0000 - 0x00007ff9197d8000 	C:\WINDOWS\System32\NSI.dll
0x00007ff90af80000 - 0x00007ff90af8a000 	C:\Windows\System32\rasadhlp.dll
0x00007ff913980000 - 0x00007ff913a00000 	C:\WINDOWS\System32\fwpuclnt.dll
0x00007ff918d00000 - 0x00007ff918d27000 	C:\WINDOWS\System32\bcrypt.dll
0x00007ff910b60000 - 0x00007ff910b6e000 	C:\Users\cis\.p2\pool\plugins\org.eclipse.justj.openjdk.hotspot.jre.full.win32.x86_64_17.0.9.v20231028-0858\jre\bin\sunmscapi.dll
0x00007ff918820000 - 0x00007ff918976000 	C:\WINDOWS\System32\CRYPT32.dll
0x00007ff917ed0000 - 0x00007ff917ef7000 	C:\WINDOWS\SYSTEM32\ncrypt.dll
0x00007ff917e90000 - 0x00007ff917ecb000 	C:\WINDOWS\SYSTEM32\NTASN1.dll
0x00007ff917dc0000 - 0x00007ff917dd8000 	C:\WINDOWS\SYSTEM32\CRYPTSP.dll
0x00007ff9174e0000 - 0x00007ff917514000 	C:\WINDOWS\system32\rsaenh.dll
0x00007ff9183e0000 - 0x00007ff91840e000 	C:\WINDOWS\SYSTEM32\USERENV.dll
0x00007ff917db0000 - 0x00007ff917dbc000 	C:\WINDOWS\SYSTEM32\CRYPTBASE.dll
0x00007ff9135f0000 - 0x00007ff913607000 	C:\WINDOWS\SYSTEM32\dhcpcsvc6.DLL
0x00007ff9135d0000 - 0x00007ff9135ed000 	C:\WINDOWS\SYSTEM32\dhcpcsvc.DLL
0x00007ff910b70000 - 0x00007ff910b80000 	C:\Users\cis\.p2\pool\plugins\org.eclipse.justj.openjdk.hotspot.jre.full.win32.x86_64_17.0.9.v20231028-0858\jre\bin\verify.dll
0x00007ff90b000000 - 0x00007ff90b007000 	C:\WINDOWS\system32\wshunix.dll

dbghelp: loaded successfully - version: 4.0.5 - missing functions: none
symbol engine: initialized successfully - sym options: 0x614 - pdb path: .;C:\Users\cis\.p2\pool\plugins\org.eclipse.justj.openjdk.hotspot.jre.full.win32.x86_64_17.0.9.v20231028-0858\jre\bin;C:\WINDOWS\SYSTEM32;C:\WINDOWS\WinSxS\amd64_microsoft.windows.common-controls_6595b64144ccf1df_6.0.19041.1110_none_60b5254171f9507e;C:\Users\cis\.p2\pool\plugins\org.eclipse.justj.openjdk.hotspot.jre.full.win32.x86_64_17.0.9.v20231028-0858\jre\bin\server

VM Arguments:
jvm_args: -ea -Dfile.encoding=UTF-8 -Dstdout.encoding=UTF-8 -Dstderr.encoding=UTF-8 -XX:+ShowCodeDetailsInExceptionMessages 
java_command: org.testng.remote.RemoteTestNG -serport 59333 -protocol json -d E:\Rahul Bhalla CIS\OntrackProjectBDD\OnTrack_BDD\test-output C:\Users\cis\AppData\Local\Temp\testng-eclipse-1928927584\testng-customsuite.xml
java_class_path (initial): E:\Rahul Bhalla CIS\jee-2023-12\eclipse\configuration\org.eclipse.osgi\1006\0\.cp\lib\testng-remote.jar;E:\Rahul Bhalla CIS\OntrackProjectBDD\OnTrack_BDD\target\test-classes;E:\Rahul Bhalla CIS\OntrackProjectBDD\OnTrack_BDD\target\classes;C:\Users\cis\.m2\repository\io\cucumber\cucumber-java\7.14.0\cucumber-java-7.14.0.jar;C:\Users\cis\.m2\repository\io\cucumber\cucumber-core\7.14.0\cucumber-core-7.14.0.jar;C:\Users\cis\.m2\repository\io\cucumber\cucumber-gherkin\7.14.0\cucumber-gherkin-7.14.0.jar;C:\Users\cis\.m2\repository\io\cucumber\cucumber-gherkin-messages\7.14.0\cucumber-gherkin-messages-7.14.0.jar;C:\Users\cis\.m2\repository\io\cucumber\gherkin\26.2.0\gherkin-26.2.0.jar;C:\Users\cis\.m2\repository\io\cucumber\messages\22.0.0\messages-22.0.0.jar;C:\Users\cis\.m2\repository\io\cucumber\tag-expressions\5.0.6\tag-expressions-5.0.6.jar;C:\Users\cis\.m2\repository\io\cucumber\cucumber-expressions\16.1.2\cucumber-expressions-16.1.2.jar;C:\Users\cis\.m2\repository\io\cucumber\datatable\7.14.0\datatable-7.14.0.jar;C:\Users\cis\.m2\repository\io\cucumber\cucumber-plugin\7.14.0\cucumber-plugin-7.14.0.jar;C:\Users\cis\.m2\repository\io\cucumber\docstring\7.14.0\docstring-7.14.0.jar;C:\Users\cis\.m2\repository\io\cucumber\html-formatter\20.4.0\html-formatter-20.4.0.jar;C:\Users\cis\.m2\repository\io\cucumber\junit-xml-formatter\0.2.0\junit-xml-formatter-0.2.0.jar;C:\Users\cis\.m2\repository\io\cucumber\ci-environment\9.2.0\ci-environment-9.2.0.jar;C:\Users\cis\.m2\repository\org\apiguardian\apiguardian-api\1.1.2\apiguardian-api-1.1.2.jar;C:\Users\cis\.m2\repository\tech\grasshopper\extent-pdf-report\2.5.1\extent-pdf-report-2.5.1.jar;C:\Users\cis\.m2\repository\tech\grasshopper\cucumber-pdf-report\2.8.1\cucumber-pdf-report-2.8.1.jar;C:\Users\cis\.m2\repository\org\apache\pdfbox\pdfbox\2.0.26\pdfbox-2.0.26.jar;C:\Users\cis\.m2\repository\org\apache\pdfbox\fontbox\2.0.26\fontbox-2.0.26.jar;C:\Users\cis\.m2\repository\commons-logging\commons-logg
Launcher Type: SUN_STANDARD

[Global flags]
     intx CICompilerCount                          = 3                                         {product} {ergonomic}
     uint ConcGCThreads                            = 1                                         {product} {ergonomic}
     uint G1ConcRefinementThreads                  = 4                                         {product} {ergonomic}
   size_t G1HeapRegionSize                         = 1048576                                   {product} {ergonomic}
    uintx GCDrainStackTargetSize                   = 64                                        {product} {ergonomic}
   size_t InitialHeapSize                          = 134217728                                 {product} {ergonomic}
   size_t MarkStackSize                            = 4194304                                   {product} {ergonomic}
   size_t MaxHeapSize                              = 2124414976                                {product} {ergonomic}
   size_t MaxNewSize                               = 1274019840                                {product} {ergonomic}
   size_t MinHeapDeltaBytes                        = 1048576                                   {product} {ergonomic}
   size_t MinHeapSize                              = 8388608                                   {product} {ergonomic}
    uintx NonNMethodCodeHeapSize                   = 5832780                                {pd product} {ergonomic}
    uintx NonProfiledCodeHeapSize                  = 122912730                              {pd product} {ergonomic}
    uintx ProfiledCodeHeapSize                     = 122912730                              {pd product} {ergonomic}
    uintx ReservedCodeCacheSize                    = 251658240                              {pd product} {ergonomic}
     bool SegmentedCodeCache                       = true                                      {product} {ergonomic}
     bool ShowCodeDetailsInExceptionMessages       = true                                   {manageable} {command line}
   size_t SoftMaxHeapSize                          = 2124414976                             {manageable} {ergonomic}
     bool UseCompressedClassPointers               = true                           {product lp64_product} {ergonomic}
     bool UseCompressedOops                        = true                           {product lp64_product} {ergonomic}
     bool UseG1GC                                  = true                                      {product} {ergonomic}
     bool UseLargePagesIndividualAllocation        = false                                  {pd product} {ergonomic}

Logging:
Log output configuration:
 #0: stdout all=warning uptime,level,tags
 #1: stderr all=off uptime,level,tags

Environment Variables:
JAVA_HOME=C:\Program Files\Java\jdk-21
PATH=C:/Users/cis/.p2/pool/plugins/org.eclipse.justj.openjdk.hotspot.jre.full.win32.x86_64_17.0.9.v20231028-0858/jre/bin/server;C:/Users/cis/.p2/pool/plugins/org.eclipse.justj.openjdk.hotspot.jre.full.win32.x86_64_17.0.9.v20231028-0858/jre/bin;C:\Program Files\Common Files\Oracle\Java\javapath;C:\Program Files (x86)\Common Files\Oracle\Java\javapath;C:\Python311\Scripts\pip;C:\Users\cis\AppData\Roaming\nvm;C:\Users\cis\AppData\Roaming\nvm;C:\Program Files\nodejs;C:\Program Files\nodejs;C:\Windows\System32;C:\Users\cis\.dotnet;C:\Program Files\dotnet\;C:\Program Files\Microsoft SQL Server\Client SDK\ODBC\170\Tools\Binn\;C:\Program Files\PowerShell\7\;C:\Program Files\Java\jre-1.8\bin;C:\Program Files\Java\jdk-21\bin;E:\Rahul Bhalla CIS\Maven\apache-maven-3.9.6\bin;C:\Program Files\MySQL\MySQL Shell 8.0\bin\;C:\Users\cis\AppData\Local\Microsoft\WindowsApps;C:\Users\cis\AppData\Local\Programs\Microsoft VS Code\bin;C:\Users\cis\AppData\Roaming\nvm;C:\Python311;C:\Python311\Scripts\pip;C:\Users\cis\AppData\Roaming\npm;C:\Users\cis\AppData\Roaming\nvm;C:\Program Files\nodejs;C:\Windows\System32;C:\Users\cis\.dotnet\tools;;C:\Users\cis\Desktop;
USERNAME=cis
OS=Windows_NT
PROCESSOR_IDENTIFIER=Intel64 Family 6 Model 60 Stepping 3, GenuineIntel
TMP=C:\Users\cis\AppData\Local\Temp
TEMP=C:\Users\cis\AppData\Local\Temp



Periodic native trim disabled


---------------  S Y S T E M  ---------------

OS:
 Windows 10 , 64 bit Build 19041 (10.0.19041.2546)
OS uptime: 1 days 8:59 hours

CPU: total 4 (initial active 4) (2 cores per cpu, 2 threads per core) family 6 model 60 stepping 3 microcode 0x27, cx8, cmov, fxsr, ht, mmx, sse, sse2, sse3, ssse3, sse4.1, sse4.2, popcnt, lzcnt, tsc, tscinvbit, avx, avx2, aes, erms, clmul, bmi1, bmi2, fma, vzeroupper, clflush
Processor Information for all 4 processors :
  Max Mhz: 2901, Current Mhz: 2901, Mhz Limit: 2901

Memory: 4k page, system-wide physical 8098M (297M free)
TotalPageFile size 23935M (AvailPageFile size 2M)
current process WorkingSet (physical memory assigned to process): 130M, peak: 170M
current process commit charge ("private bytes"): 204M, peak: 229M

vm_info: OpenJDK 64-Bit Server VM (17.0.9+9) for windows-amd64 JRE (17.0.9+9), built on Oct 26 2023 14:01:42 by "admin" with MS VC++ 16.10 / 16.11 (VS2019)

END.
